current directory: /Users/tumainimaganiko/projects/blog_app/blog_app/''/gems/puma-5.6.6/ext/puma_http11
/Users/tumainimaganiko/.rbenv/versions/3.2.2/bin/ruby extconf.rb
checking for BIO_read() in -lcrypto... yes
checking for SSL_CTX_new() in -lssl... yes
checking for openssl/bio.h... yes
checking for DTLS_method() in openssl/ssl.h... yes
checking for TLS_server_method() in openssl/ssl.h... yes
checking for SSL_CTX_set_min_proto_version(NULL, 0) in openssl/ssl.h... yes
checking for X509_STORE_up_ref()... yes
checking for SSL_CTX_set_ecdh_auto(NULL, 0) in openssl/ssl.h... yes
checking for SSL_CTX_set_dh_auto(NULL, 0) in openssl/ssl.h... yes
checking for SSL_get1_peer_certificate() in openssl/ssl.h... yes
checking for Random.bytes... yes
creating Makefile

current directory: /Users/tumainimaganiko/projects/blog_app/blog_app/''/gems/puma-5.6.6/ext/puma_http11
make DESTDIR\= sitearchdir\=./.gem.20230815-37340-jrxfzu sitelibdir\=./.gem.20230815-37340-jrxfzu clean

current directory: /Users/tumainimaganiko/projects/blog_app/blog_app/''/gems/puma-5.6.6/ext/puma_http11
make DESTDIR\= sitearchdir\=./.gem.20230815-37340-jrxfzu sitelibdir\=./.gem.20230815-37340-jrxfzu
compiling http11_parser.c
compiling mini_ssl.c
compiling puma_http11.c
linking shared-object puma/puma_http11.bundle

current directory: /Users/tumainimaganiko/projects/blog_app/blog_app/''/gems/puma-5.6.6/ext/puma_http11
make DESTDIR\= sitearchdir\=./.gem.20230815-37340-jrxfzu sitelibdir\=./.gem.20230815-37340-jrxfzu install
/opt/homebrew/bin/ginstall -c -m 0755 puma_http11.bundle ./.gem.20230815-37340-jrxfzu/puma

current directory: /Users/tumainimaganiko/projects/blog_app/blog_app/''/gems/puma-5.6.6/ext/puma_http11
make DESTDIR\= sitearchdir\=./.gem.20230815-37340-jrxfzu sitelibdir\=./.gem.20230815-37340-jrxfzu clean
